<?xml version="1.0" encoding="UTF-8"?>
<!-- Generated by org.testng.reporters.JUnitReportReporter -->
<testsuite hostname="DESKTOP-V0OQUC4" failures="0" tests="2" name="Runners.Run" time="0.069" errors="0" timestamp="2023-03-12T18:17:17 CET" skipped="0">
  <testcase classname="Runners.Run" name="runScenario" time="0.064"/>
  <system-out/>
  <testcase classname="Runners.Run" name="runScenario" time="0.005"/>
  <system-out/>
</testsuite> <!-- Runners.Run -->
