<?xml version="1.0" encoding="UTF-8"?>
<!-- Generated by org.testng.reporters.JUnitReportReporter -->
<testsuite hostname="DESKTOP-V0OQUC4" failures="0" tests="3" name="Runners.Run" time="0.071" errors="0" timestamp="2023-03-12T16:50:05 CET" skipped="0">
  <testcase classname="Runners.Run" name="runScenario" time="0.060"/>
  <system-out/>
  <testcase classname="Runners.Run" name="runScenario" time="0.005"/>
  <system-out/>
  <testcase classname="Runners.Run" name="runScenario" time="0.006"/>
  <system-out/>
</testsuite> <!-- Runners.Run -->
